<?xml version="1.0" encoding="UTF-8"?>
<!-- Generated by org.testng.reporters.JUnitXMLReporter -->
<testsuite hostname="LAPTOP-U6N7CFLI" ignored="0" name="Regression Test Cases" tests="1" failures="1" timestamp="26 Sep 2017 19:41:12 GMT" time="0.092" errors="0">
  <testcase name="@AfterTest BrowserClose" time="0.001" classname="MeridianPackage.Childrens_TestCases2">
    <failure type="java.lang.NullPointerException">
      <![CDATA[java.lang.NullPointerException
	at MeridianPackage.Childrens_TestCases2.BrowserClose(Childrens_TestCases2.java:177)
... Removed 23 stack frames]]>
    </failure>
  </testcase> <!-- @AfterTest BrowserClose -->
  <testcase name="FirstTestCase" time="0.025" classname="MeridianPackage.Childrens_TestCases2">
    <failure type="java.lang.NullPointerException">
      <![CDATA[java.lang.NullPointerException
	at MeridianPackage.Childrens_TestCases2.FirstTestCase(Childrens_TestCases2.java:49)
... Removed 25 stack frames]]>
    </failure>
  </testcase> <!-- FirstTestCase -->
</testsuite> <!-- Regression Test Cases -->
