<?xml version="1.0" encoding="UTF-8"?>
<testng-results skipped="0" failed="0" ignored="0" total="1" passed="1">
  <reporter-output>
  </reporter-output>
  <suite name="Default suite" duration-ms="49475" started-at="2017-12-23T07:08:51Z" finished-at="2017-12-23T07:09:41Z">
    <groups>
    </groups>
    <test name="Default test" duration-ms="49475" started-at="2017-12-23T07:08:51Z" finished-at="2017-12-23T07:09:41Z">
      <class name="MeridianPackage.Announcements">
        <test-method status="PASS" signature="LoginMethod()[pri:0, instance:MeridianPackage.Announcements@43cb5f38]" name="LoginMethod" is-config="true" duration-ms="84932" started-at="2017-12-23T12:37:26Z" finished-at="2017-12-23T12:38:51Z">
          <reporter-output>
          </reporter-output>
        </test-method> <!-- LoginMethod -->
        <test-method status="PASS" signature="AnnouncementCreation()[pri:0, instance:MeridianPackage.Announcements@43cb5f38]" name="AnnouncementCreation" duration-ms="48974" started-at="2017-12-23T12:38:51Z" finished-at="2017-12-23T12:39:40Z">
          <reporter-output>
          </reporter-output>
        </test-method> <!-- AnnouncementCreation -->
        <test-method status="PASS" signature="BrowserClose()[pri:0, instance:MeridianPackage.Announcements@43cb5f38]" name="BrowserClose" is-config="true" duration-ms="423" started-at="2017-12-23T12:39:40Z" finished-at="2017-12-23T12:39:41Z">
          <reporter-output>
          </reporter-output>
        </test-method> <!-- BrowserClose -->
      </class> <!-- MeridianPackage.Announcements -->
    </test> <!-- Default test -->
  </suite> <!-- Default suite -->
</testng-results>
